{
  "numFailedTestSuites": 0,
  "numFailedTests": 0,
  "numPassedTestSuites": 2,
  "numPassedTests": 5,
  "numPendingTestSuites": 0,
  "numPendingTests": 0,
  "numRuntimeErrorTestSuites": 0,
  "numTodoTests": 0,
  "numTotalTestSuites": 2,
  "numTotalTests": 5,
  "openHandles": [],
  "snapshot": {
    "added": 0,
    "didUpdate": false,
    "failure": false,
    "filesAdded": 0,
    "filesRemoved": 0,
    "filesRemovedList": [],
    "filesUnmatched": 0,
    "filesUpdated": 0,
    "matched": 0,
    "total": 0,
    "unchecked": 0,
    "uncheckedKeysByFile": [],
    "unmatched": 0,
    "updated": 0
  },
  "startTime": 1733470854803,
  "success": false,
  "testResults": [
    {
      "leaks": false,
      "numFailingTests": 0,
      "numPassingTests": 2,
      "numPendingTests": 0,
      "numTodoTests": 0,
      "openHandles": [],
      "perfStats": {
        "end": 1733470855318,
        "runtime": 440,
        "slow": false,
        "start": 1733470854878
      },
      "skipped": false,
      "snapshot": {
        "added": 0,
        "fileDeleted": false,
        "matched": 0,
        "unchecked": 0,
        "uncheckedKeys": [],
        "unmatched": 0,
        "updated": 0
      },
      "testFilePath": "C:\\Users\\2551260\\OneDrive - St. Petersburg College\\Desktop\\GitProjects\\Interview-Cake-Weekly-Problem-533-MillionGazillion\\test\\bloomFilterCrawler.test.js",
      "testResults": [
        {
          "ancestorTitles": [
            "BloomFilter"
          ],
          "duration": 4,
          "failureDetails": [],
          "failureMessages": [],
          "fullName": "BloomFilter should add and check for values correctly",
          "invocations": 1,
          "location": null,
          "numPassingAsserts": 0,
          "retryReasons": [],
          "status": "passed",
          "title": "should add and check for values correctly"
        },
        {
          "ancestorTitles": [
            "BloomFilter"
          ],
          "duration": 0,
          "failureDetails": [],
          "failureMessages": [],
          "fullName": "BloomFilter should return false for values not added",
          "invocations": 1,
          "location": null,
          "numPassingAsserts": 0,
          "retryReasons": [],
          "status": "passed",
          "title": "should return false for values not added"
        }
      ],
      "failureMessage": null
    },
    {
      "leaks": false,
      "numFailingTests": 0,
      "numPassingTests": 3,
      "numPendingTests": 0,
      "numTodoTests": 0,
      "openHandles": [],
      "perfStats": {
        "end": 1733470855434,
        "runtime": 65,
        "slow": false,
        "start": 1733470855369
      },
      "skipped": false,
      "snapshot": {
        "added": 0,
        "fileDeleted": false,
        "matched": 0,
        "unchecked": 0,
        "uncheckedKeys": [],
        "unmatched": 0,
        "updated": 0
      },
      "testFilePath": "C:\\Users\\2551260\\OneDrive - St. Petersburg College\\Desktop\\GitProjects\\Interview-Cake-Weekly-Problem-533-MillionGazillion\\test\\hashCrawler.test.js",
      "testResults": [
        {
          "ancestorTitles": [
            "HashCrawler"
          ],
          "duration": 0,
          "failureDetails": [],
          "failureMessages": [],
          "fullName": "HashCrawler should visit new URLs",
          "invocations": 1,
          "location": null,
          "numPassingAsserts": 0,
          "retryReasons": [],
          "status": "passed",
          "title": "should visit new URLs"
        },
        {
          "ancestorTitles": [
            "HashCrawler"
          ],
          "duration": 0,
          "failureDetails": [],
          "failureMessages": [],
          "fullName": "HashCrawler should not visit the same URL twice",
          "invocations": 1,
          "location": null,
          "numPassingAsserts": 0,
          "retryReasons": [],
          "status": "passed",
          "title": "should not visit the same URL twice"
        },
        {
          "ancestorTitles": [
            "HashCrawler"
          ],
          "duration": 0,
          "failureDetails": [],
          "failureMessages": [],
          "fullName": "HashCrawler should handle different URLs correctly",
          "invocations": 1,
          "location": null,
          "numPassingAsserts": 0,
          "retryReasons": [],
          "status": "passed",
          "title": "should handle different URLs correctly"
        }
      ],
      "failureMessage": null
    }
  ],
  "wasInterrupted": false
}